✅ Job started at: Sat Jul 19 13:39:02 CEST 2025
============================================================================================== 
Warning! Mixing Conda and module environments may lead to corruption of the
user environment. 
We do not recommend users mixing those two environments unless absolutely
necessary. Note that 
SURF does not provide any support for Conda environment.
For more information, please refer to our software policy page:
https://servicedesk.surf.nl/wiki/display/WIKI/Software+policy+Snellius#SoftwarepolicySnellius-UseofAnacondaandMinicondaenvironmentsonSnellius 

Remember that many packages have already been installed on the system and can
be loaded using 
the 'module load <package__name>' command. If you are uncertain if a package is
already available 
on the system, please use 'module avail' or 'module spider' to search for it.
============================================================================================== 
🔍 Attempting to load OpenCV...
⚠️  Could not load OpenCV module, checking Python availability...
✅ OpenCV 4.8.1 is available via Python
🔍 Checking FFCV installation...
✅ FFCV is available
Calibrating LLC hyperparameters on trained model...
Starting hyperparameter calibration...
Using epsilon range: ['1.0e-09', '5.0e-09', '1.0e-08', '5.0e-08', '1.0e-07']
Using gamma range: [0.1, 0.5, 1.0]
  0%|          | 0/15 [00:00<?, ?it/s]/home/ztzifa/.conda/envs/devinterp_env/lib/python3.13/site-packages/devinterp/slt/sampler.py:117: UserWarning: Using passed in nbeta. Make sure callbacks are also initialized with the same nbeta.
  warnings.warn(
/home/ztzifa/.conda/envs/devinterp_env/lib/python3.13/site-packages/devinterp/backends/default/slt/sampler.py:240: UserWarning: You are taking more draws than burn-in steps, your LLC estimates will likely be underestimates. Please check LLC chain convergence.
  warnings.warn(
/home/ztzifa/.conda/envs/devinterp_env/lib/python3.13/site-packages/devinterp/backends/default/slt/sampler.py:244: UserWarning: You are taking more sample batches than there are dataloader batches available, this removes some randomness from sampling but is probably fine. (All sample batches beyond the number dataloader batches are cycled from the start, f.e. 9 samples from [A, B, C] would be [B, A, C, B, A, C, B, A, C].)
  warnings.warn(
/home/ztzifa/.conda/envs/devinterp_env/lib/python3.13/site-packages/devinterp/backends/default/slt/sampler.py:285: UserWarning: If you're setting a nbeta or temperature in optimizer_kwargs, please also make sure to set it in the callbacks.
  warnings.warn(
/home/ztzifa/.conda/envs/devinterp_env/lib/python3.13/site-packages/devinterp/backends/default/slt/sampler.py:52: UserWarning: You are taking more sample batches than there are dataloader batches available, this removes some randomness from sampling but is probably fine. (All sample batches beyond the number dataloader batches are cycled from the start, f.e. 9 samples from [A, B, C] would be [B, A, C, B, A, C, B, A, C].)
  warnings.warn(
  7%|▋         | 1/15 [00:04<01:06,  4.75s/it] 13%|█▎        | 2/15 [00:09<00:58,  4.48s/it] 20%|██        | 3/15 [00:13<00:52,  4.36s/it] 27%|██▋       | 4/15 [00:17<00:47,  4.36s/it] 33%|███▎      | 5/15 [00:21<00:42,  4.30s/it] 40%|████      | 6/15 [00:25<00:38,  4.25s/it] 47%|████▋     | 7/15 [00:30<00:34,  4.30s/it] 53%|█████▎    | 8/15 [00:34<00:29,  4.27s/it] 60%|██████    | 9/15 [00:38<00:25,  4.26s/it] 67%|██████▋   | 10/15 [00:43<00:21,  4.24s/it] 73%|███████▎  | 11/15 [00:47<00:17,  4.31s/it] 80%|████████  | 12/15 [00:51<00:12,  4.28s/it] 87%|████████▋ | 13/15 [00:55<00:08,  4.26s/it] 93%|█████████▎| 14/15 [01:00<00:04,  4.25s/it]100%|██████████| 15/15 [01:04<00:00,  4.32s/it]100%|██████████| 15/15 [01:04<00:00,  4.31s/it]
Calibration completed successfully!
Calibration complete. Review plots and update config accordingly.

JOB STATISTICS
==============
Job ID: 13220487
Cluster: snellius
User/Group: ztzifa/ztzifa
State: RUNNING
Nodes: 1
Cores per node: 16
CPU Utilized: 00:00:00
CPU Efficiency: 0.00% of 00:24:16 core-walltime
Job Wall-clock time: 00:01:31
Memory Utilized: 0.00 MB
Memory Efficiency: 0.00% of 40.00 GB (40.00 GB/node)
WARNING: Efficiency statistics can only be obtained after the job has ended as seff tool is based on the accounting database data.
